Using TensorFlow backend.
app.config= <Config {'ENV': 'production', 'DEBUG': 'TRUE', 'TESTING': False, 'PROPAGATE_EXCEPTIONS': None, 'PRESERVE_CONTEXT_ON_EXCEPTION': None, 'SECRET_KEY': 'you-will-never-guess', 'PERMANENT_SESSION_LIFETIME': datetime.timedelta(days=31), 'USE_X_SENDFILE': False, 'SERVER_NAME': None, 'APPLICATION_ROOT': '/', 'SESSION_COOKIE_NAME': 'session', 'SESSION_COOKIE_DOMAIN': None, 'SESSION_COOKIE_PATH': None, 'SESSION_COOKIE_HTTPONLY': True, 'SESSION_COOKIE_SECURE': False, 'SESSION_COOKIE_SAMESITE': None, 'SESSION_REFRESH_EACH_REQUEST': True, 'MAX_CONTENT_LENGTH': None, 'SEND_FILE_MAX_AGE_DEFAULT': datetime.timedelta(seconds=43200), 'TRAP_BAD_REQUEST_ERRORS': None, 'TRAP_HTTP_EXCEPTIONS': False, 'EXPLAIN_TEMPLATE_LOADING': False, 'PREFERRED_URL_SCHEME': 'http', 'JSON_AS_ASCII': True, 'JSON_SORT_KEYS': True, 'JSONIFY_PRETTYPRINT_REGULAR': False, 'JSONIFY_MIMETYPE': 'application/json', 'TEMPLATES_AUTO_RELOAD': None, 'MAX_COOKIE_SIZE': 4093, 'ANCHORS_PATH': '/Users/henry/Documents/application/keras-yolo3/model_data/yolo_anchors.txt', 'CLASSES_PATH': '/Users/henry/Documents/application/keras-yolo3/model_data/coco_classes.txt', 'GPU_NUM': '', 'HOST': '0.0.0.0', 'MODEL_PATH': '/Users/henry/Documents/application/keras-yolo3/model_data/yolo3.h5', 'PORT': '9990'}>
WARNING: Logging before flag parsing goes to stderr.
W0918 12:54:49.469474 140736378348480 deprecation_wrapper.py:119] From /anaconda3/lib/python3.7/site-packages/keras/backend/tensorflow_backend.py:174: The name tf.get_default_session is deprecated. Please use tf.compat.v1.get_default_session instead.

W0918 12:54:49.469749 140736378348480 deprecation_wrapper.py:119] From /anaconda3/lib/python3.7/site-packages/keras/backend/tensorflow_backend.py:181: The name tf.ConfigProto is deprecated. Please use tf.compat.v1.ConfigProto instead.

W0918 12:54:49.469893 140736378348480 deprecation_wrapper.py:119] From /anaconda3/lib/python3.7/site-packages/keras/backend/tensorflow_backend.py:186: The name tf.Session is deprecated. Please use tf.compat.v1.Session instead.

2019-09-18 12:54:49.494506: I tensorflow/core/platform/cpu_feature_guard.cc:142] Your CPU supports instructions that this TensorFlow binary was not compiled to use: AVX2 FMA
W0918 12:54:49.496631 140736378348480 deprecation_wrapper.py:119] From /anaconda3/lib/python3.7/site-packages/keras/backend/tensorflow_backend.py:190: The name tf.global_variables is deprecated. Please use tf.compat.v1.global_variables instead.

W0918 12:54:49.516803 140736378348480 deprecation_wrapper.py:119] From /anaconda3/lib/python3.7/site-packages/keras/backend/tensorflow_backend.py:517: The name tf.placeholder is deprecated. Please use tf.compat.v1.placeholder instead.

W0918 12:54:49.644294 140736378348480 deprecation_wrapper.py:119] From /anaconda3/lib/python3.7/site-packages/keras/backend/tensorflow_backend.py:1834: The name tf.nn.fused_batch_norm is deprecated. Please use tf.compat.v1.nn.fused_batch_norm instead.

W0918 12:54:54.319931 140736378348480 deprecation_wrapper.py:119] From /anaconda3/lib/python3.7/site-packages/keras/backend/tensorflow_backend.py:2018: The name tf.image.resize_nearest_neighbor is deprecated. Please use tf.compat.v1.image.resize_nearest_neighbor instead.

/Users/henry/Documents/application/keras-yolo3/model_data/yolo3.h5 model, anchors, and classes loaded.
W0918 12:55:00.610361 140736378348480 deprecation.py:323] From /Users/henry/.local/lib/python3.7/site-packages/tensorflow/python/ops/array_ops.py:1354: add_dispatch_support.<locals>.wrapper (from tensorflow.python.ops.array_ops) is deprecated and will be removed in a future version.
Instructions for updating:
Use tf.where in 2.0, which has the same broadcast rule as np.where
yolo3 initialized
 * Serving Flask app "server" (lazy loading)
 * Environment: production
   WARNING: Do not use the development server in a production environment.
   Use a production WSGI server instead.
 * Debug mode: on
Using TensorFlow backend.
WARNING: Logging before flag parsing goes to stderr.
W0918 12:55:06.120956 140736378348480 deprecation_wrapper.py:119] From /anaconda3/lib/python3.7/site-packages/keras/backend/tensorflow_backend.py:174: The name tf.get_default_session is deprecated. Please use tf.compat.v1.get_default_session instead.

W0918 12:55:06.121193 140736378348480 deprecation_wrapper.py:119] From /anaconda3/lib/python3.7/site-packages/keras/backend/tensorflow_backend.py:181: The name tf.ConfigProto is deprecated. Please use tf.compat.v1.ConfigProto instead.

W0918 12:55:06.121338 140736378348480 deprecation_wrapper.py:119] From /anaconda3/lib/python3.7/site-packages/keras/backend/tensorflow_backend.py:186: The name tf.Session is deprecated. Please use tf.compat.v1.Session instead.

2019-09-18 12:55:06.133318: I tensorflow/core/platform/cpu_feature_guard.cc:142] Your CPU supports instructions that this TensorFlow binary was not compiled to use: AVX2 FMA
W0918 12:55:06.133831 140736378348480 deprecation_wrapper.py:119] From /anaconda3/lib/python3.7/site-packages/keras/backend/tensorflow_backend.py:190: The name tf.global_variables is deprecated. Please use tf.compat.v1.global_variables instead.

W0918 12:55:06.138077 140736378348480 deprecation_wrapper.py:119] From /anaconda3/lib/python3.7/site-packages/keras/backend/tensorflow_backend.py:517: The name tf.placeholder is deprecated. Please use tf.compat.v1.placeholder instead.

W0918 12:55:06.207559 140736378348480 deprecation_wrapper.py:119] From /anaconda3/lib/python3.7/site-packages/keras/backend/tensorflow_backend.py:1834: The name tf.nn.fused_batch_norm is deprecated. Please use tf.compat.v1.nn.fused_batch_norm instead.

W0918 12:55:10.773619 140736378348480 deprecation_wrapper.py:119] From /anaconda3/lib/python3.7/site-packages/keras/backend/tensorflow_backend.py:2018: The name tf.image.resize_nearest_neighbor is deprecated. Please use tf.compat.v1.image.resize_nearest_neighbor instead.

W0918 12:55:16.325238 140736378348480 deprecation.py:323] From /Users/henry/.local/lib/python3.7/site-packages/tensorflow/python/ops/array_ops.py:1354: add_dispatch_support.<locals>.wrapper (from tensorflow.python.ops.array_ops) is deprecated and will be removed in a future version.
Instructions for updating:
Use tf.where in 2.0, which has the same broadcast rule as np.where
W0918 12:55:19.951606 140736378348480 _internal.py:88]  * Debugger is active!
Traceback (most recent call last):
  File "/anaconda3/lib/python3.7/site-packages/flask/app.py", line 2309, in __call__
    return self.wsgi_app(environ, start_response)
  File "/anaconda3/lib/python3.7/site-packages/flask/app.py", line 2295, in wsgi_app
    response = self.handle_exception(e)
  File "/anaconda3/lib/python3.7/site-packages/flask/app.py", line 1741, in handle_exception
    reraise(exc_type, exc_value, tb)
  File "/anaconda3/lib/python3.7/site-packages/flask/_compat.py", line 35, in reraise
    raise value
  File "/anaconda3/lib/python3.7/site-packages/flask/app.py", line 2292, in wsgi_app
    response = self.full_dispatch_request()
  File "/anaconda3/lib/python3.7/site-packages/flask/app.py", line 1815, in full_dispatch_request
    rv = self.handle_user_exception(e)
  File "/anaconda3/lib/python3.7/site-packages/flask/app.py", line 1718, in handle_user_exception
    reraise(exc_type, exc_value, tb)
  File "/anaconda3/lib/python3.7/site-packages/flask/_compat.py", line 35, in reraise
    raise value
  File "/anaconda3/lib/python3.7/site-packages/flask/app.py", line 1813, in full_dispatch_request
    rv = self.dispatch_request()
  File "/anaconda3/lib/python3.7/site-packages/flask/app.py", line 1799, in dispatch_request
    return self.view_functions[rule.endpoint](**req.view_args)
  File "/Users/henry/Documents/application/keras-yolo3/server.py", line 110, in show_template
    base64Image = request.args['base64Image']
  File "/anaconda3/lib/python3.7/site-packages/werkzeug/datastructures.py", line 431, in __getitem__
    raise exceptions.BadRequestKeyError(key)
werkzeug.exceptions.HTTPException.wrap.<locals>.newcls: 400 Bad Request: KeyError: 'base64Image'
Traceback (most recent call last):
  File "/anaconda3/lib/python3.7/site-packages/flask/app.py", line 2309, in __call__
    return self.wsgi_app(environ, start_response)
  File "/anaconda3/lib/python3.7/site-packages/flask/app.py", line 2295, in wsgi_app
    response = self.handle_exception(e)
  File "/anaconda3/lib/python3.7/site-packages/flask/app.py", line 1741, in handle_exception
    reraise(exc_type, exc_value, tb)
  File "/anaconda3/lib/python3.7/site-packages/flask/_compat.py", line 35, in reraise
    raise value
  File "/anaconda3/lib/python3.7/site-packages/flask/app.py", line 2292, in wsgi_app
    response = self.full_dispatch_request()
  File "/anaconda3/lib/python3.7/site-packages/flask/app.py", line 1815, in full_dispatch_request
    rv = self.handle_user_exception(e)
  File "/anaconda3/lib/python3.7/site-packages/flask/app.py", line 1718, in handle_user_exception
    reraise(exc_type, exc_value, tb)
  File "/anaconda3/lib/python3.7/site-packages/flask/_compat.py", line 35, in reraise
    raise value
  File "/anaconda3/lib/python3.7/site-packages/flask/app.py", line 1813, in full_dispatch_request
    rv = self.dispatch_request()
  File "/anaconda3/lib/python3.7/site-packages/flask/app.py", line 1799, in dispatch_request
    return self.view_functions[rule.endpoint](**req.view_args)
  File "/Users/henry/Documents/application/keras-yolo3/server.py", line 110, in show_template
    base64Image = request.args['base64Image']
  File "/anaconda3/lib/python3.7/site-packages/werkzeug/datastructures.py", line 431, in __getitem__
    raise exceptions.BadRequestKeyError(key)
werkzeug.exceptions.HTTPException.wrap.<locals>.newcls: 400 Bad Request: KeyError: 'base64Image'
app.config= <Config {'ENV': 'production', 'DEBUG': 'TRUE', 'TESTING': False, 'PROPAGATE_EXCEPTIONS': None, 'PRESERVE_CONTEXT_ON_EXCEPTION': None, 'SECRET_KEY': 'you-will-never-guess', 'PERMANENT_SESSION_LIFETIME': datetime.timedelta(days=31), 'USE_X_SENDFILE': False, 'SERVER_NAME': None, 'APPLICATION_ROOT': '/', 'SESSION_COOKIE_NAME': 'session', 'SESSION_COOKIE_DOMAIN': None, 'SESSION_COOKIE_PATH': None, 'SESSION_COOKIE_HTTPONLY': True, 'SESSION_COOKIE_SECURE': False, 'SESSION_COOKIE_SAMESITE': None, 'SESSION_REFRESH_EACH_REQUEST': True, 'MAX_CONTENT_LENGTH': None, 'SEND_FILE_MAX_AGE_DEFAULT': datetime.timedelta(seconds=43200), 'TRAP_BAD_REQUEST_ERRORS': None, 'TRAP_HTTP_EXCEPTIONS': False, 'EXPLAIN_TEMPLATE_LOADING': False, 'PREFERRED_URL_SCHEME': 'http', 'JSON_AS_ASCII': True, 'JSON_SORT_KEYS': True, 'JSONIFY_PRETTYPRINT_REGULAR': False, 'JSONIFY_MIMETYPE': 'application/json', 'TEMPLATES_AUTO_RELOAD': None, 'MAX_COOKIE_SIZE': 4093, 'ANCHORS_PATH': '/Users/henry/Documents/application/keras-yolo3/model_data/yolo_anchors.txt', 'CLASSES_PATH': '/Users/henry/Documents/application/keras-yolo3/model_data/coco_classes.txt', 'GPU_NUM': '', 'HOST': '0.0.0.0', 'MODEL_PATH': '/Users/henry/Documents/application/keras-yolo3/model_data/yolo3.h5', 'PORT': '9990'}>
/Users/henry/Documents/application/keras-yolo3/model_data/yolo3.h5 model, anchors, and classes loaded.
yolo3 initialized
GET
GET
GET
base64Image= 1
Using TensorFlow backend.
WARNING: Logging before flag parsing goes to stderr.
W0918 15:04:13.612791 140736378348480 deprecation_wrapper.py:119] From /anaconda3/lib/python3.7/site-packages/keras/backend/tensorflow_backend.py:174: The name tf.get_default_session is deprecated. Please use tf.compat.v1.get_default_session instead.

W0918 15:04:13.613059 140736378348480 deprecation_wrapper.py:119] From /anaconda3/lib/python3.7/site-packages/keras/backend/tensorflow_backend.py:181: The name tf.ConfigProto is deprecated. Please use tf.compat.v1.ConfigProto instead.

W0918 15:04:13.613199 140736378348480 deprecation_wrapper.py:119] From /anaconda3/lib/python3.7/site-packages/keras/backend/tensorflow_backend.py:186: The name tf.Session is deprecated. Please use tf.compat.v1.Session instead.

2019-09-18 15:04:13.625652: I tensorflow/core/platform/cpu_feature_guard.cc:142] Your CPU supports instructions that this TensorFlow binary was not compiled to use: AVX2 FMA
W0918 15:04:13.626129 140736378348480 deprecation_wrapper.py:119] From /anaconda3/lib/python3.7/site-packages/keras/backend/tensorflow_backend.py:190: The name tf.global_variables is deprecated. Please use tf.compat.v1.global_variables instead.

W0918 15:04:13.631691 140736378348480 deprecation_wrapper.py:119] From /anaconda3/lib/python3.7/site-packages/keras/backend/tensorflow_backend.py:517: The name tf.placeholder is deprecated. Please use tf.compat.v1.placeholder instead.

W0918 15:04:13.702985 140736378348480 deprecation_wrapper.py:119] From /anaconda3/lib/python3.7/site-packages/keras/backend/tensorflow_backend.py:1834: The name tf.nn.fused_batch_norm is deprecated. Please use tf.compat.v1.nn.fused_batch_norm instead.

W0918 15:04:18.764319 140736378348480 deprecation_wrapper.py:119] From /anaconda3/lib/python3.7/site-packages/keras/backend/tensorflow_backend.py:2018: The name tf.image.resize_nearest_neighbor is deprecated. Please use tf.compat.v1.image.resize_nearest_neighbor instead.

W0918 15:04:27.070910 140736378348480 deprecation.py:323] From /Users/henry/.local/lib/python3.7/site-packages/tensorflow/python/ops/array_ops.py:1354: add_dispatch_support.<locals>.wrapper (from tensorflow.python.ops.array_ops) is deprecated and will be removed in a future version.
Instructions for updating:
Use tf.where in 2.0, which has the same broadcast rule as np.where
W0918 15:04:32.124032 140736378348480 _internal.py:88]  * Debugger is active!
app.config= <Config {'ENV': 'production', 'DEBUG': 'TRUE', 'TESTING': False, 'PROPAGATE_EXCEPTIONS': None, 'PRESERVE_CONTEXT_ON_EXCEPTION': None, 'SECRET_KEY': 'you-will-never-guess', 'PERMANENT_SESSION_LIFETIME': datetime.timedelta(days=31), 'USE_X_SENDFILE': False, 'SERVER_NAME': None, 'APPLICATION_ROOT': '/', 'SESSION_COOKIE_NAME': 'session', 'SESSION_COOKIE_DOMAIN': None, 'SESSION_COOKIE_PATH': None, 'SESSION_COOKIE_HTTPONLY': True, 'SESSION_COOKIE_SECURE': False, 'SESSION_COOKIE_SAMESITE': None, 'SESSION_REFRESH_EACH_REQUEST': True, 'MAX_CONTENT_LENGTH': None, 'SEND_FILE_MAX_AGE_DEFAULT': datetime.timedelta(seconds=43200), 'TRAP_BAD_REQUEST_ERRORS': None, 'TRAP_HTTP_EXCEPTIONS': False, 'EXPLAIN_TEMPLATE_LOADING': False, 'PREFERRED_URL_SCHEME': 'http', 'JSON_AS_ASCII': True, 'JSON_SORT_KEYS': True, 'JSONIFY_PRETTYPRINT_REGULAR': False, 'JSONIFY_MIMETYPE': 'application/json', 'TEMPLATES_AUTO_RELOAD': None, 'MAX_COOKIE_SIZE': 4093, 'ANCHORS_PATH': '/Users/henry/Documents/application/keras-yolo3/model_data/yolo_anchors.txt', 'CLASSES_PATH': '/Users/henry/Documents/application/keras-yolo3/model_data/coco_classes.txt', 'GPU_NUM': '', 'HOST': '0.0.0.0', 'MODEL_PATH': '/Users/henry/Documents/application/keras-yolo3/model_data/yolo3.h5', 'PORT': '9990'}>
/Users/henry/Documents/application/keras-yolo3/model_data/yolo3.h5 model, anchors, and classes loaded.
yolo3 initialized
Using TensorFlow backend.
WARNING: Logging before flag parsing goes to stderr.
W0918 15:06:07.316291 140736378348480 deprecation_wrapper.py:119] From /anaconda3/lib/python3.7/site-packages/keras/backend/tensorflow_backend.py:174: The name tf.get_default_session is deprecated. Please use tf.compat.v1.get_default_session instead.

W0918 15:06:07.316540 140736378348480 deprecation_wrapper.py:119] From /anaconda3/lib/python3.7/site-packages/keras/backend/tensorflow_backend.py:181: The name tf.ConfigProto is deprecated. Please use tf.compat.v1.ConfigProto instead.

W0918 15:06:07.316686 140736378348480 deprecation_wrapper.py:119] From /anaconda3/lib/python3.7/site-packages/keras/backend/tensorflow_backend.py:186: The name tf.Session is deprecated. Please use tf.compat.v1.Session instead.

2019-09-18 15:06:07.330162: I tensorflow/core/platform/cpu_feature_guard.cc:142] Your CPU supports instructions that this TensorFlow binary was not compiled to use: AVX2 FMA
W0918 15:06:07.330667 140736378348480 deprecation_wrapper.py:119] From /anaconda3/lib/python3.7/site-packages/keras/backend/tensorflow_backend.py:190: The name tf.global_variables is deprecated. Please use tf.compat.v1.global_variables instead.

W0918 15:06:07.336340 140736378348480 deprecation_wrapper.py:119] From /anaconda3/lib/python3.7/site-packages/keras/backend/tensorflow_backend.py:517: The name tf.placeholder is deprecated. Please use tf.compat.v1.placeholder instead.

W0918 15:06:07.410012 140736378348480 deprecation_wrapper.py:119] From /anaconda3/lib/python3.7/site-packages/keras/backend/tensorflow_backend.py:1834: The name tf.nn.fused_batch_norm is deprecated. Please use tf.compat.v1.nn.fused_batch_norm instead.

W0918 15:06:13.174501 140736378348480 deprecation_wrapper.py:119] From /anaconda3/lib/python3.7/site-packages/keras/backend/tensorflow_backend.py:2018: The name tf.image.resize_nearest_neighbor is deprecated. Please use tf.compat.v1.image.resize_nearest_neighbor instead.

W0918 15:06:21.182448 140736378348480 deprecation.py:323] From /Users/henry/.local/lib/python3.7/site-packages/tensorflow/python/ops/array_ops.py:1354: add_dispatch_support.<locals>.wrapper (from tensorflow.python.ops.array_ops) is deprecated and will be removed in a future version.
Instructions for updating:
Use tf.where in 2.0, which has the same broadcast rule as np.where
W0918 15:06:25.174360 140736378348480 _internal.py:88]  * Debugger is active!
app.config= <Config {'ENV': 'production', 'DEBUG': 'TRUE', 'TESTING': False, 'PROPAGATE_EXCEPTIONS': None, 'PRESERVE_CONTEXT_ON_EXCEPTION': None, 'SECRET_KEY': 'you-will-never-guess', 'PERMANENT_SESSION_LIFETIME': datetime.timedelta(days=31), 'USE_X_SENDFILE': False, 'SERVER_NAME': None, 'APPLICATION_ROOT': '/', 'SESSION_COOKIE_NAME': 'session', 'SESSION_COOKIE_DOMAIN': None, 'SESSION_COOKIE_PATH': None, 'SESSION_COOKIE_HTTPONLY': True, 'SESSION_COOKIE_SECURE': False, 'SESSION_COOKIE_SAMESITE': None, 'SESSION_REFRESH_EACH_REQUEST': True, 'MAX_CONTENT_LENGTH': None, 'SEND_FILE_MAX_AGE_DEFAULT': datetime.timedelta(seconds=43200), 'TRAP_BAD_REQUEST_ERRORS': None, 'TRAP_HTTP_EXCEPTIONS': False, 'EXPLAIN_TEMPLATE_LOADING': False, 'PREFERRED_URL_SCHEME': 'http', 'JSON_AS_ASCII': True, 'JSON_SORT_KEYS': True, 'JSONIFY_PRETTYPRINT_REGULAR': False, 'JSONIFY_MIMETYPE': 'application/json', 'TEMPLATES_AUTO_RELOAD': None, 'MAX_COOKIE_SIZE': 4093, 'ANCHORS_PATH': '/Users/henry/Documents/application/keras-yolo3/model_data/yolo_anchors.txt', 'CLASSES_PATH': '/Users/henry/Documents/application/keras-yolo3/model_data/coco_classes.txt', 'GPU_NUM': '', 'HOST': '0.0.0.0', 'MODEL_PATH': '/Users/henry/Documents/application/keras-yolo3/model_data/yolo3.h5', 'PORT': '9990'}>
/Users/henry/Documents/application/keras-yolo3/model_data/yolo3.h5 model, anchors, and classes loaded.
yolo3 initialized
